c:\users\tbutler3\downloads\project_template\lab 1\project_template\x64\debug\vc143.pdb
c:\users\tbutler3\downloads\project_template\lab 1\project_template\x64\debug\vc143.idb
c:\users\tbutler3\downloads\project_template\lab 1\project_template\x64\debug\glad.obj
c:\users\tbutler3\downloads\project_template\lab 1\project_template\x64\debug\scenebasic_uniform.obj
c:\users\tbutler3\downloads\project_template\lab 1\project_template\x64\debug\main.obj
c:\users\tbutler3\downloads\project_template\lab 1\project_template\x64\debug\trianglemesh.obj
c:\users\tbutler3\downloads\project_template\lab 1\project_template\x64\debug\torus.obj
c:\users\tbutler3\downloads\project_template\lab 1\project_template\x64\debug\teapot.obj
c:\users\tbutler3\downloads\project_template\lab 1\project_template\x64\debug\glutils.obj
c:\users\tbutler3\downloads\project_template\lab 1\project_template\x64\debug\glslprogram.obj
c:\users\tbutler3\downloads\project_template\lab 1\x64\debug\project_template.exe
c:\users\tbutler3\downloads\project_template\lab 1\x64\debug\project_template.pdb
c:\users\tbutler3\downloads\project_template\lab 1\project_template\x64\debug\project_template.ilk
c:\users\tbutler3\downloads\project_template\lab 1\project_template\x64\debug\project_template.tlog\cl.command.1.tlog
c:\users\tbutler3\downloads\project_template\lab 1\project_template\x64\debug\project_template.tlog\cl.items.tlog
c:\users\tbutler3\downloads\project_template\lab 1\project_template\x64\debug\project_template.tlog\cl.read.1.tlog
c:\users\tbutler3\downloads\project_template\lab 1\project_template\x64\debug\project_template.tlog\cl.write.1.tlog
c:\users\tbutler3\downloads\project_template\lab 1\project_template\x64\debug\project_template.tlog\link.command.1.tlog
c:\users\tbutler3\downloads\project_template\lab 1\project_template\x64\debug\project_template.tlog\link.read.1.tlog
c:\users\tbutler3\downloads\project_template\lab 1\project_template\x64\debug\project_template.tlog\link.secondary.1.tlog
c:\users\tbutler3\downloads\project_template\lab 1\project_template\x64\debug\project_template.tlog\link.write.1.tlog
